<?xml version="1.0" encoding="UTF-8"?>
<testsuite xmlns:xsi="http://www.w3.org/2001/XMLSchema-instance" xsi:noNamespaceSchemaLocation="https://maven.apache.org/surefire/maven-surefire-plugin/xsd/surefire-test-report.xsd" name="com.calculator.runner.TestRunner" time="35.824" tests="62" errors="0" skipped="0" failures="8">
  <properties>
    <property name="sun.desktop" value="windows"/>
    <property name="awt.toolkit" value="sun.awt.windows.WToolkit"/>
    <property name="file.encoding.pkg" value="sun.io"/>
    <property name="java.specification.version" value="1.8"/>
    <property name="sun.cpu.isalist" value="amd64"/>
    <property name="sun.jnu.encoding" value="Cp1252"/>
    <property name="java.class.path" value="C:\Users\radha\eclipse-workspace\calculatorProject\target\test-classes;C:\Users\radha\eclipse-workspace\calculatorProject\target\classes;C:\Users\radha\.m2\repository\info\cukes\cucumber-java\1.2.5\cucumber-java-1.2.5.jar;C:\Users\radha\.m2\repository\info\cukes\cucumber-core\1.2.5\cucumber-core-1.2.5.jar;C:\Users\radha\.m2\repository\info\cukes\cucumber-html\0.2.3\cucumber-html-0.2.3.jar;C:\Users\radha\.m2\repository\info\cukes\cucumber-jvm-deps\1.0.5\cucumber-jvm-deps-1.0.5.jar;C:\Users\radha\.m2\repository\info\cukes\gherkin\2.12.2\gherkin-2.12.2.jar;C:\Users\radha\.m2\repository\io\cucumber\cucumber-java\4.2.0\cucumber-java-4.2.0.jar;C:\Users\radha\.m2\repository\io\cucumber\cucumber-core\4.2.0\cucumber-core-4.2.0.jar;C:\Users\radha\.m2\repository\io\cucumber\cucumber-html\0.2.7\cucumber-html-0.2.7.jar;C:\Users\radha\.m2\repository\io\cucumber\gherkin\5.1.0\gherkin-5.1.0.jar;C:\Users\radha\.m2\repository\io\cucumber\tag-expressions\1.1.1\tag-expressions-1.1.1.jar;C:\Users\radha\.m2\repository\io\cucumber\cucumber-expressions\6.2.0\cucumber-expressions-6.2.0.jar;C:\Users\radha\.m2\repository\io\cucumber\datatable\1.1.7\datatable-1.1.7.jar;C:\Users\radha\.m2\repository\io\cucumber\datatable-dependencies\1.1.7\datatable-dependencies-1.1.7.jar;C:\Users\radha\.m2\repository\info\cukes\cucumber-junit\1.2.4\cucumber-junit-1.2.4.jar;C:\Users\radha\.m2\repository\junit\junit\4.12\junit-4.12.jar;C:\Users\radha\.m2\repository\org\hamcrest\hamcrest-core\2.1\hamcrest-core-2.1.jar;C:\Users\radha\.m2\repository\io\github\bonigarcia\webdrivermanager\4.4.3\webdrivermanager-4.4.3.jar;C:\Users\radha\.m2\repository\org\slf4j\slf4j-api\1.7.29\slf4j-api-1.7.29.jar;C:\Users\radha\.m2\repository\commons-io\commons-io\2.8.0\commons-io-2.8.0.jar;C:\Users\radha\.m2\repository\com\google\code\gson\gson\2.8.6\gson-2.8.6.jar;C:\Users\radha\.m2\repository\org\apache\commons\commons-lang3\3.9\commons-lang3-3.9.jar;C:\Users\radha\.m2\repository\org\apache\httpcomponents\client5\httpclient5\5.0.3\httpclient5-5.0.3.jar;C:\Users\radha\.m2\repository\org\apache\httpcomponents\core5\httpcore5\5.0.2\httpcore5-5.0.2.jar;C:\Users\radha\.m2\repository\org\apache\httpcomponents\core5\httpcore5-h2\5.0.2\httpcore5-h2-5.0.2.jar;C:\Users\radha\.m2\repository\commons-codec\commons-codec\1.13\commons-codec-1.13.jar;C:\Users\radha\.m2\repository\org\rauschig\jarchivelib\1.1.0\jarchivelib-1.1.0.jar;C:\Users\radha\.m2\repository\org\apache\commons\commons-compress\1.20\commons-compress-1.20.jar;C:\Users\radha\.m2\repository\org\jsoup\jsoup\1.13.1\jsoup-1.13.1.jar;C:\Users\radha\.m2\repository\org\seleniumhq\selenium\selenium-java\3.141.59\selenium-java-3.141.59.jar;C:\Users\radha\.m2\repository\org\seleniumhq\selenium\selenium-api\3.141.59\selenium-api-3.141.59.jar;C:\Users\radha\.m2\repository\org\seleniumhq\selenium\selenium-chrome-driver\3.141.59\selenium-chrome-driver-3.141.59.jar;C:\Users\radha\.m2\repository\org\seleniumhq\selenium\selenium-edge-driver\3.141.59\selenium-edge-driver-3.141.59.jar;C:\Users\radha\.m2\repository\org\seleniumhq\selenium\selenium-firefox-driver\3.141.59\selenium-firefox-driver-3.141.59.jar;C:\Users\radha\.m2\repository\org\seleniumhq\selenium\selenium-ie-driver\3.141.59\selenium-ie-driver-3.141.59.jar;C:\Users\radha\.m2\repository\org\seleniumhq\selenium\selenium-opera-driver\3.141.59\selenium-opera-driver-3.141.59.jar;C:\Users\radha\.m2\repository\org\seleniumhq\selenium\selenium-remote-driver\3.141.59\selenium-remote-driver-3.141.59.jar;C:\Users\radha\.m2\repository\org\seleniumhq\selenium\selenium-safari-driver\3.141.59\selenium-safari-driver-3.141.59.jar;C:\Users\radha\.m2\repository\org\seleniumhq\selenium\selenium-support\3.141.59\selenium-support-3.141.59.jar;C:\Users\radha\.m2\repository\net\bytebuddy\byte-buddy\1.10.2\byte-buddy-1.10.2.jar;C:\Users\radha\.m2\repository\org\apache\commons\commons-exec\1.3\commons-exec-1.3.jar;C:\Users\radha\.m2\repository\com\google\guava\guava\25.0-jre\guava-25.0-jre.jar;C:\Users\radha\.m2\repository\com\google\code\findbugs\jsr305\1.3.9\jsr305-1.3.9.jar;C:\Users\radha\.m2\repository\org\checkerframework\checker-compat-qual\2.0.0\checker-compat-qual-2.0.0.jar;C:\Users\radha\.m2\repository\com\google\errorprone\error_prone_annotations\2.1.3\error_prone_annotations-2.1.3.jar;C:\Users\radha\.m2\repository\com\google\j2objc\j2objc-annotations\1.1\j2objc-annotations-1.1.jar;C:\Users\radha\.m2\repository\org\codehaus\mojo\animal-sniffer-annotations\1.14\animal-sniffer-annotations-1.14.jar;C:\Users\radha\.m2\repository\com\squareup\okhttp3\okhttp\3.14.4\okhttp-3.14.4.jar;C:\Users\radha\.m2\repository\com\squareup\okio\okio\1.14.0\okio-1.14.0.jar;C:\Users\radha\.m2\repository\org\hamcrest\hamcrest\2.1\hamcrest-2.1.jar;C:\Users\radha\.m2\repository\com\relevantcodes\extentreports\2.41.2\extentreports-2.41.2.jar;C:\Users\radha\.m2\repository\org\xerial\sqlite-jdbc\3.28.0\sqlite-jdbc-3.28.0.jar;C:\Users\radha\.m2\repository\org\mongodb\mongodb-driver\3.11.2\mongodb-driver-3.11.2.jar;C:\Users\radha\.m2\repository\org\mongodb\bson\3.11.2\bson-3.11.2.jar;C:\Users\radha\.m2\repository\org\mongodb\mongodb-driver-core\3.11.2\mongodb-driver-core-3.11.2.jar;C:\Users\radha\.m2\repository\org\freemarker\freemarker\2.3.29\freemarker-2.3.29.jar;C:\Users\radha\.m2\repository\com\vimalselvam\cucumber-extentsreport\3.1.1\cucumber-extentsreport-3.1.1.jar;C:\Users\radha\.m2\repository\com\aventstack\extentreports\3.1.1\extentreports-3.1.1.jar;C:\Users\radha\.m2\repository\org\apache\httpcomponents\httpclient\4.5.10\httpclient-4.5.10.jar;C:\Users\radha\.m2\repository\org\apache\httpcomponents\httpcore\4.4.12\httpcore-4.4.12.jar;C:\Users\radha\.m2\repository\org\apache\httpcomponents\httpmime\4.5.10\httpmime-4.5.10.jar;"/>
    <property name="java.vm.vendor" value="Oracle Corporation"/>
    <property name="sun.arch.data.model" value="64"/>
    <property name="user.variant" value=""/>
    <property name="java.vendor.url" value="http://java.oracle.com/"/>
    <property name="user.timezone" value="America/New_York"/>
    <property name="java.vm.specification.version" value="1.8"/>
    <property name="os.name" value="Windows 10"/>
    <property name="user.country" value="US"/>
    <property name="sun.java.launcher" value="SUN_STANDARD"/>
    <property name="sun.boot.library.path" value="C:\Program Files\Java\jdk1.8.0_311\jre\bin"/>
    <property name="sun.java.command" value="C:\Users\radha\AppData\Local\Temp\surefire4707674777172344564\surefirebooter7085598418050444563.jar C:\Users\radha\AppData\Local\Temp\surefire4707674777172344564 2021-11-12T11-28-40_758-jvmRun1 surefire4438511247327433947tmp surefire_0851341078107945679tmp"/>
    <property name="surefire.test.class.path" value="C:\Users\radha\eclipse-workspace\calculatorProject\target\test-classes;C:\Users\radha\eclipse-workspace\calculatorProject\target\classes;C:\Users\radha\.m2\repository\info\cukes\cucumber-java\1.2.5\cucumber-java-1.2.5.jar;C:\Users\radha\.m2\repository\info\cukes\cucumber-core\1.2.5\cucumber-core-1.2.5.jar;C:\Users\radha\.m2\repository\info\cukes\cucumber-html\0.2.3\cucumber-html-0.2.3.jar;C:\Users\radha\.m2\repository\info\cukes\cucumber-jvm-deps\1.0.5\cucumber-jvm-deps-1.0.5.jar;C:\Users\radha\.m2\repository\info\cukes\gherkin\2.12.2\gherkin-2.12.2.jar;C:\Users\radha\.m2\repository\io\cucumber\cucumber-java\4.2.0\cucumber-java-4.2.0.jar;C:\Users\radha\.m2\repository\io\cucumber\cucumber-core\4.2.0\cucumber-core-4.2.0.jar;C:\Users\radha\.m2\repository\io\cucumber\cucumber-html\0.2.7\cucumber-html-0.2.7.jar;C:\Users\radha\.m2\repository\io\cucumber\gherkin\5.1.0\gherkin-5.1.0.jar;C:\Users\radha\.m2\repository\io\cucumber\tag-expressions\1.1.1\tag-expressions-1.1.1.jar;C:\Users\radha\.m2\repository\io\cucumber\cucumber-expressions\6.2.0\cucumber-expressions-6.2.0.jar;C:\Users\radha\.m2\repository\io\cucumber\datatable\1.1.7\datatable-1.1.7.jar;C:\Users\radha\.m2\repository\io\cucumber\datatable-dependencies\1.1.7\datatable-dependencies-1.1.7.jar;C:\Users\radha\.m2\repository\info\cukes\cucumber-junit\1.2.4\cucumber-junit-1.2.4.jar;C:\Users\radha\.m2\repository\junit\junit\4.12\junit-4.12.jar;C:\Users\radha\.m2\repository\org\hamcrest\hamcrest-core\2.1\hamcrest-core-2.1.jar;C:\Users\radha\.m2\repository\io\github\bonigarcia\webdrivermanager\4.4.3\webdrivermanager-4.4.3.jar;C:\Users\radha\.m2\repository\org\slf4j\slf4j-api\1.7.29\slf4j-api-1.7.29.jar;C:\Users\radha\.m2\repository\commons-io\commons-io\2.8.0\commons-io-2.8.0.jar;C:\Users\radha\.m2\repository\com\google\code\gson\gson\2.8.6\gson-2.8.6.jar;C:\Users\radha\.m2\repository\org\apache\commons\commons-lang3\3.9\commons-lang3-3.9.jar;C:\Users\radha\.m2\repository\org\apache\httpcomponents\client5\httpclient5\5.0.3\httpclient5-5.0.3.jar;C:\Users\radha\.m2\repository\org\apache\httpcomponents\core5\httpcore5\5.0.2\httpcore5-5.0.2.jar;C:\Users\radha\.m2\repository\org\apache\httpcomponents\core5\httpcore5-h2\5.0.2\httpcore5-h2-5.0.2.jar;C:\Users\radha\.m2\repository\commons-codec\commons-codec\1.13\commons-codec-1.13.jar;C:\Users\radha\.m2\repository\org\rauschig\jarchivelib\1.1.0\jarchivelib-1.1.0.jar;C:\Users\radha\.m2\repository\org\apache\commons\commons-compress\1.20\commons-compress-1.20.jar;C:\Users\radha\.m2\repository\org\jsoup\jsoup\1.13.1\jsoup-1.13.1.jar;C:\Users\radha\.m2\repository\org\seleniumhq\selenium\selenium-java\3.141.59\selenium-java-3.141.59.jar;C:\Users\radha\.m2\repository\org\seleniumhq\selenium\selenium-api\3.141.59\selenium-api-3.141.59.jar;C:\Users\radha\.m2\repository\org\seleniumhq\selenium\selenium-chrome-driver\3.141.59\selenium-chrome-driver-3.141.59.jar;C:\Users\radha\.m2\repository\org\seleniumhq\selenium\selenium-edge-driver\3.141.59\selenium-edge-driver-3.141.59.jar;C:\Users\radha\.m2\repository\org\seleniumhq\selenium\selenium-firefox-driver\3.141.59\selenium-firefox-driver-3.141.59.jar;C:\Users\radha\.m2\repository\org\seleniumhq\selenium\selenium-ie-driver\3.141.59\selenium-ie-driver-3.141.59.jar;C:\Users\radha\.m2\repository\org\seleniumhq\selenium\selenium-opera-driver\3.141.59\selenium-opera-driver-3.141.59.jar;C:\Users\radha\.m2\repository\org\seleniumhq\selenium\selenium-remote-driver\3.141.59\selenium-remote-driver-3.141.59.jar;C:\Users\radha\.m2\repository\org\seleniumhq\selenium\selenium-safari-driver\3.141.59\selenium-safari-driver-3.141.59.jar;C:\Users\radha\.m2\repository\org\seleniumhq\selenium\selenium-support\3.141.59\selenium-support-3.141.59.jar;C:\Users\radha\.m2\repository\net\bytebuddy\byte-buddy\1.10.2\byte-buddy-1.10.2.jar;C:\Users\radha\.m2\repository\org\apache\commons\commons-exec\1.3\commons-exec-1.3.jar;C:\Users\radha\.m2\repository\com\google\guava\guava\25.0-jre\guava-25.0-jre.jar;C:\Users\radha\.m2\repository\com\google\code\findbugs\jsr305\1.3.9\jsr305-1.3.9.jar;C:\Users\radha\.m2\repository\org\checkerframework\checker-compat-qual\2.0.0\checker-compat-qual-2.0.0.jar;C:\Users\radha\.m2\repository\com\google\errorprone\error_prone_annotations\2.1.3\error_prone_annotations-2.1.3.jar;C:\Users\radha\.m2\repository\com\google\j2objc\j2objc-annotations\1.1\j2objc-annotations-1.1.jar;C:\Users\radha\.m2\repository\org\codehaus\mojo\animal-sniffer-annotations\1.14\animal-sniffer-annotations-1.14.jar;C:\Users\radha\.m2\repository\com\squareup\okhttp3\okhttp\3.14.4\okhttp-3.14.4.jar;C:\Users\radha\.m2\repository\com\squareup\okio\okio\1.14.0\okio-1.14.0.jar;C:\Users\radha\.m2\repository\org\hamcrest\hamcrest\2.1\hamcrest-2.1.jar;C:\Users\radha\.m2\repository\com\relevantcodes\extentreports\2.41.2\extentreports-2.41.2.jar;C:\Users\radha\.m2\repository\org\xerial\sqlite-jdbc\3.28.0\sqlite-jdbc-3.28.0.jar;C:\Users\radha\.m2\repository\org\mongodb\mongodb-driver\3.11.2\mongodb-driver-3.11.2.jar;C:\Users\radha\.m2\repository\org\mongodb\bson\3.11.2\bson-3.11.2.jar;C:\Users\radha\.m2\repository\org\mongodb\mongodb-driver-core\3.11.2\mongodb-driver-core-3.11.2.jar;C:\Users\radha\.m2\repository\org\freemarker\freemarker\2.3.29\freemarker-2.3.29.jar;C:\Users\radha\.m2\repository\com\vimalselvam\cucumber-extentsreport\3.1.1\cucumber-extentsreport-3.1.1.jar;C:\Users\radha\.m2\repository\com\aventstack\extentreports\3.1.1\extentreports-3.1.1.jar;C:\Users\radha\.m2\repository\org\apache\httpcomponents\httpclient\4.5.10\httpclient-4.5.10.jar;C:\Users\radha\.m2\repository\org\apache\httpcomponents\httpcore\4.4.12\httpcore-4.4.12.jar;C:\Users\radha\.m2\repository\org\apache\httpcomponents\httpmime\4.5.10\httpmime-4.5.10.jar;"/>
    <property name="sun.cpu.endian" value="little"/>
    <property name="user.home" value="C:\Users\radha"/>
    <property name="user.language" value="en"/>
    <property name="java.specification.vendor" value="Oracle Corporation"/>
    <property name="java.home" value="C:\Program Files\Java\jdk1.8.0_311\jre"/>
    <property name="basedir" value="C:\Users\radha\eclipse-workspace\calculatorProject"/>
    <property name="file.separator" value="\"/>
    <property name="line.separator" value="&#10;"/>
    <property name="java.vm.specification.vendor" value="Oracle Corporation"/>
    <property name="java.specification.name" value="Java Platform API Specification"/>
    <property name="java.awt.graphicsenv" value="sun.awt.Win32GraphicsEnvironment"/>
    <property name="surefire.real.class.path" value="C:\Users\radha\AppData\Local\Temp\surefire4707674777172344564\surefirebooter7085598418050444563.jar"/>
    <property name="sun.boot.class.path" value="C:\Program Files\Java\jdk1.8.0_311\jre\lib\resources.jar;C:\Program Files\Java\jdk1.8.0_311\jre\lib\rt.jar;C:\Program Files\Java\jdk1.8.0_311\jre\lib\sunrsasign.jar;C:\Program Files\Java\jdk1.8.0_311\jre\lib\jsse.jar;C:\Program Files\Java\jdk1.8.0_311\jre\lib\jce.jar;C:\Program Files\Java\jdk1.8.0_311\jre\lib\charsets.jar;C:\Program Files\Java\jdk1.8.0_311\jre\lib\jfr.jar;C:\Program Files\Java\jdk1.8.0_311\jre\classes"/>
    <property name="user.script" value=""/>
    <property name="sun.management.compiler" value="HotSpot 64-Bit Tiered Compilers"/>
    <property name="java.runtime.version" value="1.8.0_311-b11"/>
    <property name="user.name" value="radha"/>
    <property name="path.separator" value=";"/>
    <property name="os.version" value="10.0"/>
    <property name="java.endorsed.dirs" value="C:\Program Files\Java\jdk1.8.0_311\jre\lib\endorsed"/>
    <property name="java.runtime.name" value="Java(TM) SE Runtime Environment"/>
    <property name="file.encoding" value="Cp1252"/>
    <property name="java.vm.name" value="Java HotSpot(TM) 64-Bit Server VM"/>
    <property name="localRepository" value="C:\Users\radha\.m2\repository"/>
    <property name="java.vendor.url.bug" value="http://bugreport.sun.com/bugreport/"/>
    <property name="java.io.tmpdir" value="C:\Users\radha\AppData\Local\Temp\"/>
    <property name="java.version" value="1.8.0_311"/>
    <property name="user.dir" value="C:\Users\radha\eclipse-workspace\calculatorProject"/>
    <property name="os.arch" value="amd64"/>
    <property name="java.vm.specification.name" value="Java Virtual Machine Specification"/>
    <property name="java.awt.printerjob" value="sun.awt.windows.WPrinterJob"/>
    <property name="url" value="https://nuix.github.io/SDET/senior-sdet/stagingCalc/index.html"/>
    <property name="sun.os.patch.level" value=""/>
    <property name="java.library.path" value="C:\Program Files\Java\jdk1.8.0_311\jre\bin;C:\Windows\Sun\Java\bin;C:\Windows\system32;C:\Windows;C:/Users/radha/.p2/pool/plugins/org.eclipse.justj.openjdk.hotspot.jre.full.win32.x86_64_15.0.2.v20210201-0955/jre/bin/server;C:/Users/radha/.p2/pool/plugins/org.eclipse.justj.openjdk.hotspot.jre.full.win32.x86_64_15.0.2.v20210201-0955/jre/bin;C:\Program Files (x86)\Common Files\Oracle\Java\javapath;C:\Windows\system32;C:\Windows;C:\Windows\System32\Wbem;C:\Windows\System32\WindowsPowerShell\v1.0\;C:\Windows\System32\OpenSSH\;C:\Program Files\Git\cmd;C:\Users\radha\AppData\Local\Microsoft\WindowsApps;;C:\Users\radha\eclipse\java-2020-12\eclipse;;."/>
    <property name="java.vm.info" value="mixed mode"/>
    <property name="java.vendor" value="Oracle Corporation"/>
    <property name="java.vm.version" value="25.311-b11"/>
    <property name="java.ext.dirs" value="C:\Program Files\Java\jdk1.8.0_311\jre\lib\ext;C:\Windows\Sun\Java\lib\ext"/>
    <property name="sun.io.unicode.encoding" value="UnicodeLittle"/>
    <property name="java.class.version" value="52.0"/>
  </properties>
  <testcase name="Given calculator app is up and running" classname="| 32 | 3 |" time="0.001"/>
  <testcase name="Given I want perfrom mathematical operation with &quot;32&quot;" classname="| 32 | 3 |" time="0"/>
  <testcase name="And I want perfrom mathematical operation with &quot;3&quot;" classname="| 32 | 3 |" time="0"/>
  <testcase name="When i perform addition" classname="| 32 | 3 |" time="0"/>
  <testcase name="Then addition result displayed correctly" classname="| 32 | 3 |" time="0"/>
  <testcase name="| 32 | 3 |" classname="| 32 | 3 |" time="0.001"/>
  <testcase name="Given calculator app is up and running" classname="| 2 | 3 |" time="0"/>
  <testcase name="Given calculator app is up and running" classname="| 2 | 3 |" time="0"/>
  <testcase name="Given I want perfrom mathematical operation with &quot;2&quot;" classname="| 2 | 3 |" time="0"/>
  <testcase name="Given I want perfrom mathematical operation with &quot;2&quot;" classname="| 2 | 3 |" time="0"/>
  <testcase name="And I want perfrom mathematical operation with &quot;3&quot;" classname="| 2 | 3 |" time="0"/>
  <testcase name="And I want perfrom mathematical operation with &quot;3&quot;" classname="| 2 | 3 |" time="0.001"/>
  <testcase name="When i perform addition" classname="| 2 | 3 |" time="0"/>
  <testcase name="Then addition result displayed correctly" classname="| 2 | 3 |" time="0"/>
  <testcase name="| 2 | 3 |" classname="| 2 | 3 |" time="0.001"/>
  <testcase name="| 2 | 3 |" classname="| 2 | 3 |" time="0.001">
    <failure message="&#10;Expected: is &lt;6&gt;&#10;     but: was &lt;8&gt;" type="java.lang.AssertionError"><![CDATA[java.lang.AssertionError: 

Expected: is <6>
     but: was <8>
]]></failure>
  </testcase>
  <testcase name="Given calculator app is up and running" classname="| 0 | 5 |" time="0"/>
  <testcase name="Given I want perfrom mathematical operation with &quot;0&quot;" classname="| 0 | 5 |" time="0"/>
  <testcase name="And I want perfrom mathematical operation with &quot;5&quot;" classname="| 0 | 5 |" time="0"/>
  <testcase name="When i perform addition" classname="| 0 | 5 |" time="0"/>
  <testcase name="Then addition result displayed correctly" classname="| 0 | 5 |" time="0.004">
    <failure message="&#10;Expected: is &lt;5&gt;&#10;     but: was &lt;6&gt;" type="java.lang.AssertionError"><![CDATA[java.lang.AssertionError: 

Expected: is <5>
     but: was <6>
]]></failure>
    <system-out><![CDATA[Trying to Find Element By : By.id: display
Found Element By : By.id: display
]]></system-out>
  </testcase>
  <testcase name="| 0 | 5 |" classname="| 0 | 5 |" time="0.004">
    <failure message="&#10;Expected: is &lt;5&gt;&#10;     but: was &lt;6&gt;" type="java.lang.AssertionError"><![CDATA[java.lang.AssertionError: 

Expected: is <5>
     but: was <6>
]]></failure>
  </testcase>
  <testcase name="Given calculator app is up and running" classname="| 2 | 3 | 23 |" time="0"/>
  <testcase name="Given I want perfrom mathematical operation with &quot;2&quot;" classname="| 2 | 3 | 23 |" time="0"/>
  <testcase name="And I want perfrom mathematical operation with &quot;3&quot;" classname="| 2 | 3 | 23 |" time="0"/>
  <testcase name="And I want perfrom mathematical operation with &quot;23&quot;" classname="| 2 | 3 | 23 |" time="0"/>
  <testcase name="When i perform substraction" classname="| 2 | 3 | 23 |" time="0"/>
  <testcase name="Then substraction result displayed correctly" classname="| 2 | 3 | 23 |" time="0"/>
  <testcase name="| 2 | 3 | 23 |" classname="| 2 | 3 | 23 |" time="0.001"/>
  <testcase name="Given calculator app is up and running" classname="| 2 | 3 | 34 |" time="0"/>
  <testcase name="Given I want perfrom mathematical operation with &quot;2&quot;" classname="| 2 | 3 | 34 |" time="0"/>
  <testcase name="And I want perfrom mathematical operation with &quot;3&quot;" classname="| 2 | 3 | 34 |" time="0"/>
  <testcase name="And I want perfrom mathematical operation with &quot;34&quot;" classname="| 2 | 3 | 34 |" time="0"/>
  <testcase name="When i perform substraction" classname="| 2 | 3 | 34 |" time="0"/>
  <testcase name="Then substraction result displayed correctly" classname="| 2 | 3 | 34 |" time="0"/>
  <testcase name="| 2 | 3 | 34 |" classname="| 2 | 3 | 34 |" time="0.001"/>
  <testcase name="When i perform multiplication" classname="| 2 | 3 |" time="0"/>
  <testcase name="Then multiplication result displayed correctly" classname="| 2 | 3 |" time="0.001">
    <failure message="&#10;Expected: is &lt;6&gt;&#10;     but: was &lt;8&gt;" type="java.lang.AssertionError"><![CDATA[java.lang.AssertionError: 

Expected: is <6>
     but: was <8>
]]></failure>
    <system-out><![CDATA[Trying to Find Element By : By.id: display
Found Element By : By.id: display
]]></system-out>
  </testcase>
  <testcase name="Given calculator app is up and running" classname="| 4 | 5 |" time="0"/>
  <testcase name="Given I want perfrom mathematical operation with &quot;4&quot;" classname="| 4 | 5 |" time="0"/>
  <testcase name="And I want perfrom mathematical operation with &quot;5&quot;" classname="| 4 | 5 |" time="0"/>
  <testcase name="When i perform multiplication" classname="| 4 | 5 |" time="0"/>
  <testcase name="Then multiplication result displayed correctly" classname="| 4 | 5 |" time="0.001">
    <failure message="&#10;Expected: is &lt;20&gt;&#10;     but: was &lt;26&gt;" type="java.lang.AssertionError"><![CDATA[java.lang.AssertionError: 

Expected: is <20>
     but: was <26>
]]></failure>
    <system-out><![CDATA[Trying to Find Element By : By.id: display
Found Element By : By.id: display
]]></system-out>
  </testcase>
  <testcase name="| 4 | 5 |" classname="| 4 | 5 |" time="0.001">
    <failure message="&#10;Expected: is &lt;20&gt;&#10;     but: was &lt;26&gt;" type="java.lang.AssertionError"><![CDATA[java.lang.AssertionError: 

Expected: is <20>
     but: was <26>
]]></failure>
  </testcase>
  <testcase name="Given calculator app is up and running" classname="| 6 | 3 |" time="0"/>
  <testcase name="Given I want perfrom mathematical operation with &quot;6&quot;" classname="| 6 | 3 |" time="0"/>
  <testcase name="And I want perfrom mathematical operation with &quot;3&quot;" classname="| 6 | 3 |" time="0"/>
  <testcase name="When i perform division" classname="| 6 | 3 |" time="0"/>
  <testcase name="Then division result displayed correctly" classname="| 6 | 3 |" time="0"/>
  <testcase name="| 6 | 3 |" classname="| 6 | 3 |" time="0"/>
  <testcase name="Given calculator app is up and running" classname="| 7 | 3 |" time="0"/>
  <testcase name="Given I want perfrom mathematical operation with &quot;7&quot;" classname="| 7 | 3 |" time="0"/>
  <testcase name="And I want perfrom mathematical operation with &quot;3&quot;" classname="| 7 | 3 |" time="0"/>
  <testcase name="When i perform division" classname="| 7 | 3 |" time="0"/>
  <testcase name="Then division result displayed correctly" classname="| 7 | 3 |" time="0">
    <failure message="&#10;Expected: is &lt;2.3333333333333335&gt;&#10;     but: was &lt;2.0&gt;" type="java.lang.AssertionError"><![CDATA[java.lang.AssertionError: 

Expected: is <2.3333333333333335>
     but: was <2.0>
]]></failure>
    <system-out><![CDATA[Trying to Find Element By : By.id: display
Found Element By : By.id: display
]]></system-out>
  </testcase>
  <testcase name="| 7 | 3 |" classname="| 7 | 3 |" time="0.001">
    <failure message="&#10;Expected: is &lt;2.3333333333333335&gt;&#10;     but: was &lt;2.0&gt;" type="java.lang.AssertionError"><![CDATA[java.lang.AssertionError: 

Expected: is <2.3333333333333335>
     but: was <2.0>
]]></failure>
  </testcase>
  <testcase name="Given calculator app is up and running" classname="| 4 | 0 |" time="0"/>
  <testcase name="Given I want perfrom mathematical operation with &quot;4&quot;" classname="| 4 | 0 |" time="0"/>
  <testcase name="And I want perfrom mathematical operation with &quot;0&quot;" classname="| 4 | 0 |" time="0"/>
  <testcase name="When i perform division" classname="| 4 | 0 |" time="0"/>
  <testcase name="Then verify &quot;Error&quot; displayed" classname="| 4 | 0 |" time="0"/>
  <testcase name="| 4 | 0 |" classname="| 4 | 0 |" time="0.001"/>
</testsuite>